<?xml version="1.0" encoding="UTF-8"?>
<!-- Generated by org.testng.reporters.JUnitReportReporter -->
<testsuite hostname="VIDISHA" failures="0" tests="1" name="runner.RunCuke" time="9.461" errors="0" timestamp="2023-04-20T04:11:10 IST" skipped="0">
  <testcase classname="runner.RunCuke" name="scenario" time="9.461"/>
  <system-out/>
</testsuite> <!-- runner.RunCuke -->
